current directory: /Users/yuka/development/rails/rails_book/sprockets_sample/.bundle/ruby/2.3.0/gems/therubyracer-0.12.2/ext/v8
/Users/yuka/.rbenv/versions/2.3.0/bin/ruby -r ./siteconf20160413-67527-1dvpa6v.rb extconf.rb --with-v8-dir
checking for main() in -lpthread... yes
checking for main() in -lobjc... yes
*** extconf.rb failed ***
Could not create Makefile due to some reason, probably lack of necessary
libraries and/or headers.  Check the mkmf.log file for more details.  You may
need configuration options.

Provided configuration options:
	--with-opt-dir
	--without-opt-dir
	--with-opt-include
	--without-opt-include=${opt-dir}/include
	--with-opt-lib
	--without-opt-lib=${opt-dir}/lib
	--with-make-prog
	--without-make-prog
	--srcdir=.
	--curdir
	--ruby=/Users/yuka/.rbenv/versions/2.3.0/bin/$(RUBY_BASE_NAME)
	--with-pthreadlib
	--without-pthreadlib
	--with-objclib
	--without-objclib
	--enable-debug
	--disable-debug
	--with-v8-dir
/Users/yuka/.rbenv/versions/2.3.0/lib/ruby/2.3.0/mkmf.rb:1733:in `dir_config': undefined method `split' for true:TrueClass (NoMethodError)
	from /Users/yuka/development/rails/rails_book/sprockets_sample/.bundle/ruby/2.3.0/gems/libv8-3.16.14.13/ext/libv8/location.rb:49:in `configure'
	from /Users/yuka/development/rails/rails_book/sprockets_sample/.bundle/ruby/2.3.0/gems/libv8-3.16.14.13/lib/libv8.rb:7:in `configure_makefile'
	from extconf.rb:32:in `<main>'

To see why this extension failed to compile, please check the mkmf.log which can be found here:

  /Users/yuka/development/rails/rails_book/sprockets_sample/.bundle/ruby/2.3.0/extensions/x86_64-darwin-15/2.3.0-static/therubyracer-0.12.2/mkmf.log

extconf failed, exit code 1
